<?xml version="1.0" encoding="UTF-8"?>
<!-- Generated by org.testng.reporters.JUnitReportReporter -->
<testsuite hostname="PF2NHKFK" failures="0" tests="1" name="apis.CookiesDemo" time="2.449" errors="0" timestamp="2023-07-22T14:58:28 EDT" skipped="0">
  <testcase classname="apis.CookiesDemo" name="testCookies" time="2.449"/>
  <system-out/>
</testsuite> <!-- apis.CookiesDemo -->
