<?xml version="1.0" encoding="UTF-8"?>
<!-- Generated by org.testng.reporters.JUnitReportReporter -->
<testsuite hostname="PF2NHKFK" failures="0" tests="1" name="apis.FirstAPIRequest" time="2.632" errors="0" timestamp="2023-07-22T14:39:12 EDT" skipped="0">
  <testcase classname="apis.FirstAPIRequest" name="testGetUsers" time="2.632"/>
  <system-out/>
</testsuite> <!-- apis.FirstAPIRequest -->
