<?xml version="1.0" encoding="UTF-8"?>
<!-- Generated by org.testng.reporters.JUnitReportReporter -->
<testsuite hostname="PF2NHKFK" failures="0" tests="1" name="apis.JsonSchemaValidation" time="2.340" errors="0" timestamp="2023-07-23T19:54:16 EDT" skipped="0">
  <testcase classname="apis.JsonSchemaValidation" name="testGetUser" time="2.340"/>
  <system-out/>
</testsuite> <!-- apis.JsonSchemaValidation -->
