<?xml version="1.0" encoding="UTF-8"?>
<!-- Generated by org.testng.reporters.JUnitReportReporter -->
<testsuite hostname="PF2NHKFK" failures="0" tests="1" name="apis.LogsDemo" time="3.059" errors="0" timestamp="2023-07-22T15:25:52 EDT" skipped="0">
  <testcase classname="apis.LogsDemo" name="testLogsMethod" time="3.059"/>
  <system-out/>
</testsuite> <!-- apis.LogsDemo -->
