<?xml version="1.0" encoding="UTF-8"?>
<!-- Generated by org.testng.reporters.JUnitReportReporter -->
<testsuite hostname="PF2NHKFK" failures="0" tests="1" name="apis.PathAndQueryParamDemo" time="2.186" errors="0" timestamp="2023-07-22T14:27:43 EDT" skipped="0">
  <testcase classname="apis.PathAndQueryParamDemo" name="getUser" time="2.186"/>
  <system-out/>
</testsuite> <!-- apis.PathAndQueryParamDemo -->
