<?xml version="1.0" encoding="UTF-8"?>
<!-- Generated by org.testng.reporters.JUnitReportReporter -->
<testsuite hostname="PF2NHKFK" failures="0" tests="2" name="apis.ConvertPojotoJsonAndJsonToPojo" time="0.287" errors="0" timestamp="2023-07-23T20:29:50 EDT" skipped="0">
  <testcase classname="apis.ConvertPojotoJsonAndJsonToPojo" name="convertJsonToPojo" time="0.258"/>
  <system-out/>
  <testcase classname="apis.ConvertPojotoJsonAndJsonToPojo" name="convertPojoToJson" time="0.029"/>
  <system-out/>
</testsuite> <!-- apis.ConvertPojotoJsonAndJsonToPojo -->
