<?xml version="1.0" encoding="UTF-8"?>
<!-- Generated by org.testng.reporters.JUnitReportReporter -->
<testsuite hostname="PF2NHKFK" failures="0" tests="3" name="apis.PersingBodyDemo" time="3.811" errors="0" timestamp="2023-07-22T16:20:07 EDT" skipped="0">
  <testcase classname="apis.PersingBodyDemo" name="testGetUser" time="0.908"/>
  <system-out/>
  <testcase classname="apis.PersingBodyDemo" name="getUser" time="2.638"/>
  <system-out/>
  <testcase classname="apis.PersingBodyDemo" name="testGetUsers" time="0.265"/>
  <system-out/>
</testsuite> <!-- apis.PersingBodyDemo -->
