<?xml version="1.0" encoding="UTF-8"?>
<!-- Generated by org.testng.reporters.JUnitReportReporter -->
<testsuite hostname="PF2NHKFK" failures="0" tests="1" name="apis.IterateToJsonBody" time="2.221" errors="0" timestamp="2023-07-23T11:35:47 EDT" skipped="0">
  <testcase classname="apis.IterateToJsonBody" name="testGetUser" time="2.221"/>
  <system-out/>
</testsuite> <!-- apis.IterateToJsonBody -->
