<?xml version="1.0" encoding="UTF-8"?>
<!-- Generated by org.testng.reporters.JUnitReportReporter -->
<testsuite hostname="PF2NHKFK" failures="0" tests="1" name="apis.DifferentWaysToCreatePostRequestBody" time="2.286" errors="0" timestamp="2023-07-22T12:24:45 EDT" skipped="0">
  <testcase classname="apis.DifferentWaysToCreatePostRequestBody" name="createUserUsingExternalJsonFile" time="2.286"/>
  <system-out/>
</testsuite> <!-- apis.DifferentWaysToCreatePostRequestBody -->
