<?xml version="1.0" encoding="UTF-8"?>
<!-- Generated by org.testng.reporters.JUnitReportReporter -->
<testsuite hostname="PF2NHKFK" failures="0" tests="2" name="apis.HeadersDemo" time="2.779" errors="0" timestamp="2023-07-22T15:18:44 EDT" skipped="0">
  <testcase classname="apis.HeadersDemo" name="testGetHeaders" time="2.069"/>
  <system-out/>
  <testcase classname="apis.HeadersDemo" name="testHeaders" time="0.710"/>
  <system-out/>
</testsuite> <!-- apis.HeadersDemo -->
